2018-07-22 14:04:04,433 CRIT Supervisor running as root (no user in config file)
2018-07-22 14:04:04,440 INFO supervisord started with pid 1
2018-07-22 14:04:05,447 INFO spawned: 'laravel-worker_00' with pid 8
2018-07-22 14:04:05,462 INFO spawned: 'laravel-worker_01' with pid 9
2018-07-22 14:04:05,465 INFO spawned: 'laravel-worker_02' with pid 10
2018-07-22 14:04:05,467 INFO spawned: 'laravel-worker_03' with pid 11
2018-07-22 14:04:05,470 INFO spawned: 'laravel-worker_04' with pid 12
2018-07-22 14:04:05,474 INFO spawned: 'laravel-worker_05' with pid 13
2018-07-22 14:04:05,477 INFO spawned: 'laravel-worker_06' with pid 14
2018-07-22 14:04:05,481 INFO spawned: 'laravel-worker_07' with pid 15
2018-07-22 14:04:05,483 INFO spawned: 'laravel-worker_08' with pid 16
2018-07-22 14:04:05,486 INFO spawned: 'laravel-worker_09' with pid 17
2018-07-22 14:04:05,526 INFO exited: laravel-worker_00 (exit status 1; not expected)
2018-07-22 14:04:05,616 INFO exited: laravel-worker_01 (exit status 1; not expected)
2018-07-22 14:04:05,639 INFO exited: laravel-worker_09 (exit status 1; not expected)
2018-07-22 14:04:05,640 INFO exited: laravel-worker_04 (exit status 1; not expected)
2018-07-22 14:04:05,645 INFO exited: laravel-worker_06 (exit status 1; not expected)
2018-07-22 14:04:05,650 INFO exited: laravel-worker_08 (exit status 1; not expected)
2018-07-22 14:04:05,656 INFO exited: laravel-worker_07 (exit status 1; not expected)
2018-07-22 14:04:05,660 INFO exited: laravel-worker_05 (exit status 1; not expected)
2018-07-22 14:04:05,669 INFO exited: laravel-worker_03 (exit status 1; not expected)
2018-07-22 14:04:05,676 INFO exited: laravel-worker_02 (exit status 1; not expected)
2018-07-22 14:04:06,682 INFO spawned: 'laravel-worker_00' with pid 18
2018-07-22 14:04:06,685 INFO spawned: 'laravel-worker_01' with pid 19
2018-07-22 14:04:06,688 INFO spawned: 'laravel-worker_02' with pid 20
2018-07-22 14:04:06,691 INFO spawned: 'laravel-worker_03' with pid 21
2018-07-22 14:04:06,694 INFO spawned: 'laravel-worker_04' with pid 22
2018-07-22 14:04:06,702 INFO spawned: 'laravel-worker_05' with pid 23
2018-07-22 14:04:06,717 INFO spawned: 'laravel-worker_06' with pid 24
2018-07-22 14:04:06,741 INFO spawned: 'laravel-worker_07' with pid 25
2018-07-22 14:04:06,757 INFO spawned: 'laravel-worker_08' with pid 26
2018-07-22 14:04:06,783 INFO spawned: 'laravel-worker_09' with pid 27
2018-07-22 14:04:06,786 INFO exited: laravel-worker_00 (exit status 1; not expected)
2018-07-22 14:04:06,804 INFO exited: laravel-worker_01 (exit status 1; not expected)
2018-07-22 14:04:06,812 INFO exited: laravel-worker_02 (exit status 1; not expected)
2018-07-22 14:04:06,843 INFO exited: laravel-worker_06 (exit status 1; not expected)
2018-07-22 14:04:06,847 INFO exited: laravel-worker_03 (exit status 1; not expected)
2018-07-22 14:04:06,859 INFO exited: laravel-worker_07 (exit status 1; not expected)
2018-07-22 14:04:06,864 INFO exited: laravel-worker_04 (exit status 1; not expected)
2018-07-22 14:04:06,871 INFO exited: laravel-worker_05 (exit status 1; not expected)
2018-07-22 14:04:06,880 INFO exited: laravel-worker_08 (exit status 1; not expected)
2018-07-22 14:04:06,885 INFO exited: laravel-worker_09 (exit status 1; not expected)
2018-07-22 14:04:09,009 INFO spawned: 'laravel-worker_00' with pid 28
2018-07-22 14:04:09,012 INFO spawned: 'laravel-worker_01' with pid 29
2018-07-22 14:04:09,015 INFO spawned: 'laravel-worker_02' with pid 30
2018-07-22 14:04:09,018 INFO spawned: 'laravel-worker_03' with pid 31
2018-07-22 14:04:09,021 INFO spawned: 'laravel-worker_04' with pid 32
2018-07-22 14:04:09,023 INFO spawned: 'laravel-worker_05' with pid 33
2018-07-22 14:04:09,026 INFO spawned: 'laravel-worker_06' with pid 34
2018-07-22 14:04:09,032 INFO spawned: 'laravel-worker_07' with pid 35
2018-07-22 14:04:09,044 INFO spawned: 'laravel-worker_08' with pid 36
2018-07-22 14:04:09,112 INFO spawned: 'laravel-worker_09' with pid 37
2018-07-22 14:04:09,116 INFO exited: laravel-worker_00 (exit status 1; not expected)
2018-07-22 14:04:09,121 INFO exited: laravel-worker_02 (exit status 1; not expected)
2018-07-22 14:04:09,174 INFO exited: laravel-worker_06 (exit status 1; not expected)
2018-07-22 14:04:09,181 INFO exited: laravel-worker_04 (exit status 1; not expected)
2018-07-22 14:04:09,181 INFO exited: laravel-worker_01 (exit status 1; not expected)
2018-07-22 14:04:09,188 INFO exited: laravel-worker_07 (exit status 1; not expected)
2018-07-22 14:04:09,208 INFO exited: laravel-worker_09 (exit status 1; not expected)
2018-07-22 14:04:09,209 INFO exited: laravel-worker_05 (exit status 1; not expected)
2018-07-22 14:04:09,211 INFO exited: laravel-worker_08 (exit status 1; not expected)
2018-07-22 14:04:09,215 INFO exited: laravel-worker_03 (exit status 1; not expected)
2018-07-22 14:04:12,230 INFO spawned: 'laravel-worker_00' with pid 38
2018-07-22 14:04:12,233 INFO spawned: 'laravel-worker_01' with pid 39
2018-07-22 14:04:12,236 INFO spawned: 'laravel-worker_02' with pid 40
2018-07-22 14:04:12,239 INFO spawned: 'laravel-worker_03' with pid 41
2018-07-22 14:04:12,242 INFO spawned: 'laravel-worker_04' with pid 42
2018-07-22 14:04:12,253 INFO spawned: 'laravel-worker_05' with pid 43
2018-07-22 14:04:12,256 INFO spawned: 'laravel-worker_06' with pid 44
2018-07-22 14:04:12,260 INFO spawned: 'laravel-worker_07' with pid 45
2018-07-22 14:04:12,272 INFO spawned: 'laravel-worker_08' with pid 46
2018-07-22 14:04:12,276 INFO spawned: 'laravel-worker_09' with pid 47
2018-07-22 14:04:12,281 INFO exited: laravel-worker_00 (exit status 1; not expected)
2018-07-22 14:04:12,291 INFO gave up: laravel-worker_00 entered FATAL state, too many start retries too quickly
2018-07-22 14:04:12,301 INFO exited: laravel-worker_01 (exit status 1; not expected)
2018-07-22 14:04:12,360 INFO gave up: laravel-worker_01 entered FATAL state, too many start retries too quickly
2018-07-22 14:04:12,365 INFO exited: laravel-worker_09 (exit status 1; not expected)
2018-07-22 14:04:12,367 INFO gave up: laravel-worker_09 entered FATAL state, too many start retries too quickly
2018-07-22 14:04:12,373 INFO exited: laravel-worker_02 (exit status 1; not expected)
2018-07-22 14:04:12,375 INFO exited: laravel-worker_07 (exit status 1; not expected)
2018-07-22 14:04:12,378 INFO gave up: laravel-worker_02 entered FATAL state, too many start retries too quickly
2018-07-22 14:04:12,380 INFO gave up: laravel-worker_07 entered FATAL state, too many start retries too quickly
2018-07-22 14:04:12,389 INFO exited: laravel-worker_03 (exit status 1; not expected)
2018-07-22 14:04:12,391 INFO exited: laravel-worker_05 (exit status 1; not expected)
2018-07-22 14:04:12,392 INFO gave up: laravel-worker_03 entered FATAL state, too many start retries too quickly
2018-07-22 14:04:12,394 INFO gave up: laravel-worker_05 entered FATAL state, too many start retries too quickly
2018-07-22 14:04:12,396 INFO exited: laravel-worker_08 (exit status 1; not expected)
2018-07-22 14:04:12,397 INFO gave up: laravel-worker_08 entered FATAL state, too many start retries too quickly
2018-07-22 14:04:12,402 INFO exited: laravel-worker_04 (exit status 1; not expected)
2018-07-22 14:04:12,403 INFO exited: laravel-worker_06 (exit status 1; not expected)
2018-07-22 14:04:12,403 INFO gave up: laravel-worker_04 entered FATAL state, too many start retries too quickly
2018-07-22 14:04:12,404 INFO gave up: laravel-worker_06 entered FATAL state, too many start retries too quickly
2018-07-22 14:11:54,179 WARN received SIGTERM indicating exit request
2018-07-22 14:11:56,155 CRIT Supervisor running as root (no user in config file)
2018-07-22 14:11:56,168 INFO supervisord started with pid 1
2018-07-22 14:11:57,171 INFO spawned: 'laravel-worker_00' with pid 7
2018-07-22 14:11:58,175 INFO success: laravel-worker_00 entered RUNNING state, process has stayed up for > than 1 seconds (startsecs)
2018-07-22 14:11:59,201 INFO exited: laravel-worker_00 (exit status 1; not expected)
2018-07-22 14:12:00,206 INFO spawned: 'laravel-worker_00' with pid 14
2018-07-22 14:12:01,211 INFO success: laravel-worker_00 entered RUNNING state, process has stayed up for > than 1 seconds (startsecs)
2018-07-22 14:12:01,938 INFO exited: laravel-worker_00 (exit status 1; not expected)
2018-07-22 14:12:02,943 INFO spawned: 'laravel-worker_00' with pid 21
2018-07-22 14:12:03,948 INFO success: laravel-worker_00 entered RUNNING state, process has stayed up for > than 1 seconds (startsecs)
2018-07-22 14:12:04,498 INFO exited: laravel-worker_00 (exit status 1; not expected)
2018-07-22 14:12:05,503 INFO spawned: 'laravel-worker_00' with pid 28
2018-07-22 14:12:06,509 INFO success: laravel-worker_00 entered RUNNING state, process has stayed up for > than 1 seconds (startsecs)
2018-07-22 14:12:07,308 INFO exited: laravel-worker_00 (exit status 1; not expected)
2018-07-22 14:12:08,312 INFO spawned: 'laravel-worker_00' with pid 35
2018-07-22 14:12:09,315 INFO success: laravel-worker_00 entered RUNNING state, process has stayed up for > than 1 seconds (startsecs)
2018-07-22 14:12:09,970 INFO exited: laravel-worker_00 (exit status 1; not expected)
2018-07-22 14:12:10,973 INFO spawned: 'laravel-worker_00' with pid 42
2018-07-22 14:12:11,978 INFO success: laravel-worker_00 entered RUNNING state, process has stayed up for > than 1 seconds (startsecs)
2018-07-22 14:12:12,549 INFO exited: laravel-worker_00 (exit status 1; not expected)
2018-07-22 14:12:13,559 INFO spawned: 'laravel-worker_00' with pid 49
2018-07-22 14:12:14,562 INFO success: laravel-worker_00 entered RUNNING state, process has stayed up for > than 1 seconds (startsecs)
2018-07-22 14:12:15,141 INFO exited: laravel-worker_00 (exit status 1; not expected)
2018-07-22 14:12:16,146 INFO spawned: 'laravel-worker_00' with pid 56
2018-07-22 14:12:17,149 INFO success: laravel-worker_00 entered RUNNING state, process has stayed up for > than 1 seconds (startsecs)
2018-07-22 14:12:17,844 INFO exited: laravel-worker_00 (exit status 1; not expected)
2018-07-22 14:12:18,847 INFO spawned: 'laravel-worker_00' with pid 63
2018-07-22 14:12:19,849 INFO success: laravel-worker_00 entered RUNNING state, process has stayed up for > than 1 seconds (startsecs)
2018-07-22 14:12:20,947 INFO exited: laravel-worker_00 (exit status 1; not expected)
2018-07-22 14:12:21,952 INFO spawned: 'laravel-worker_00' with pid 70
2018-07-22 14:12:22,958 INFO success: laravel-worker_00 entered RUNNING state, process has stayed up for > than 1 seconds (startsecs)
2018-07-22 14:12:23,559 INFO exited: laravel-worker_00 (exit status 1; not expected)
2018-07-22 14:12:24,564 INFO spawned: 'laravel-worker_00' with pid 77
2018-07-22 14:12:25,569 INFO success: laravel-worker_00 entered RUNNING state, process has stayed up for > than 1 seconds (startsecs)
2018-07-22 14:12:26,150 INFO exited: laravel-worker_00 (exit status 1; not expected)
2018-07-22 14:12:27,153 INFO spawned: 'laravel-worker_00' with pid 84
2018-07-22 14:12:28,158 INFO success: laravel-worker_00 entered RUNNING state, process has stayed up for > than 1 seconds (startsecs)
2018-07-22 14:12:28,688 INFO exited: laravel-worker_00 (exit status 1; not expected)
2018-07-22 14:12:29,694 INFO spawned: 'laravel-worker_00' with pid 91
2018-07-22 14:12:30,698 INFO success: laravel-worker_00 entered RUNNING state, process has stayed up for > than 1 seconds (startsecs)
2018-07-22 14:12:31,307 INFO exited: laravel-worker_00 (exit status 1; not expected)
2018-07-22 14:12:32,382 INFO spawned: 'laravel-worker_00' with pid 98
2018-07-22 14:12:33,388 INFO success: laravel-worker_00 entered RUNNING state, process has stayed up for > than 1 seconds (startsecs)
2018-07-22 14:12:34,033 INFO exited: laravel-worker_00 (exit status 1; not expected)
2018-07-22 14:12:35,042 INFO spawned: 'laravel-worker_00' with pid 105
2018-07-22 14:12:36,045 INFO success: laravel-worker_00 entered RUNNING state, process has stayed up for > than 1 seconds (startsecs)
2018-07-22 14:12:36,664 INFO exited: laravel-worker_00 (exit status 1; not expected)
2018-07-22 14:12:37,669 INFO spawned: 'laravel-worker_00' with pid 112
2018-07-22 14:12:38,671 INFO success: laravel-worker_00 entered RUNNING state, process has stayed up for > than 1 seconds (startsecs)
2018-07-22 14:12:39,523 INFO exited: laravel-worker_00 (exit status 1; not expected)
2018-07-22 14:12:40,528 INFO spawned: 'laravel-worker_00' with pid 119
2018-07-22 14:12:41,534 INFO success: laravel-worker_00 entered RUNNING state, process has stayed up for > than 1 seconds (startsecs)
2018-07-22 14:12:42,475 INFO exited: laravel-worker_00 (exit status 1; not expected)
2018-07-22 14:12:43,481 INFO spawned: 'laravel-worker_00' with pid 126
2018-07-22 14:12:44,486 INFO success: laravel-worker_00 entered RUNNING state, process has stayed up for > than 1 seconds (startsecs)
2018-07-22 14:12:45,542 INFO exited: laravel-worker_00 (exit status 1; not expected)
2018-07-22 14:12:46,549 INFO spawned: 'laravel-worker_00' with pid 133
2018-07-22 14:12:47,552 INFO success: laravel-worker_00 entered RUNNING state, process has stayed up for > than 1 seconds (startsecs)
2018-07-22 14:12:48,567 INFO exited: laravel-worker_00 (exit status 1; not expected)
2018-07-22 14:12:49,576 INFO spawned: 'laravel-worker_00' with pid 140
2018-07-22 14:12:50,581 INFO success: laravel-worker_00 entered RUNNING state, process has stayed up for > than 1 seconds (startsecs)
2018-07-22 14:12:51,651 INFO exited: laravel-worker_00 (exit status 1; not expected)
2018-07-22 14:12:52,656 INFO spawned: 'laravel-worker_00' with pid 147
2018-07-22 14:12:53,661 INFO success: laravel-worker_00 entered RUNNING state, process has stayed up for > than 1 seconds (startsecs)
2018-07-22 14:12:54,719 INFO exited: laravel-worker_00 (exit status 1; not expected)
2018-07-22 14:12:55,723 INFO spawned: 'laravel-worker_00' with pid 154
2018-07-22 14:12:56,728 INFO success: laravel-worker_00 entered RUNNING state, process has stayed up for > than 1 seconds (startsecs)
2018-07-22 14:12:57,316 INFO exited: laravel-worker_00 (exit status 1; not expected)
2018-07-22 14:12:58,322 INFO spawned: 'laravel-worker_00' with pid 161
2018-07-22 14:12:59,324 INFO success: laravel-worker_00 entered RUNNING state, process has stayed up for > than 1 seconds (startsecs)
2018-07-22 14:12:59,912 INFO exited: laravel-worker_00 (exit status 1; not expected)
2018-07-22 14:13:00,917 INFO spawned: 'laravel-worker_00' with pid 168
2018-07-22 14:13:01,919 INFO success: laravel-worker_00 entered RUNNING state, process has stayed up for > than 1 seconds (startsecs)
2018-07-22 14:13:02,524 INFO exited: laravel-worker_00 (exit status 1; not expected)
2018-07-22 14:13:03,529 INFO spawned: 'laravel-worker_00' with pid 175
2018-07-22 14:13:04,531 INFO success: laravel-worker_00 entered RUNNING state, process has stayed up for > than 1 seconds (startsecs)
2018-07-22 14:13:05,384 INFO exited: laravel-worker_00 (exit status 1; not expected)
2018-07-22 14:13:06,389 INFO spawned: 'laravel-worker_00' with pid 182
2018-07-22 14:13:07,394 INFO success: laravel-worker_00 entered RUNNING state, process has stayed up for > than 1 seconds (startsecs)
2018-07-22 14:13:08,168 INFO exited: laravel-worker_00 (exit status 1; not expected)
2018-07-22 14:13:09,173 INFO spawned: 'laravel-worker_00' with pid 189
2018-07-22 14:13:10,179 INFO success: laravel-worker_00 entered RUNNING state, process has stayed up for > than 1 seconds (startsecs)
2018-07-22 14:13:11,057 INFO exited: laravel-worker_00 (exit status 1; not expected)
2018-07-22 14:13:12,063 INFO spawned: 'laravel-worker_00' with pid 196
2018-07-22 14:13:13,068 INFO success: laravel-worker_00 entered RUNNING state, process has stayed up for > than 1 seconds (startsecs)
2018-07-22 14:13:13,839 INFO exited: laravel-worker_00 (exit status 1; not expected)
2018-07-22 14:13:14,843 INFO spawned: 'laravel-worker_00' with pid 203
2018-07-22 14:13:15,848 INFO success: laravel-worker_00 entered RUNNING state, process has stayed up for > than 1 seconds (startsecs)
2018-07-22 14:13:16,748 INFO exited: laravel-worker_00 (exit status 1; not expected)
2018-07-22 14:13:17,752 INFO spawned: 'laravel-worker_00' with pid 210
2018-07-22 14:13:18,757 INFO success: laravel-worker_00 entered RUNNING state, process has stayed up for > than 1 seconds (startsecs)
2018-07-22 14:13:19,494 INFO exited: laravel-worker_00 (exit status 1; not expected)
2018-07-22 14:13:20,499 INFO spawned: 'laravel-worker_00' with pid 217
2018-07-22 14:13:21,504 INFO success: laravel-worker_00 entered RUNNING state, process has stayed up for > than 1 seconds (startsecs)
2018-07-22 14:13:22,667 INFO exited: laravel-worker_00 (exit status 1; not expected)
2018-07-22 14:13:23,675 INFO spawned: 'laravel-worker_00' with pid 224
2018-07-22 14:13:24,680 INFO success: laravel-worker_00 entered RUNNING state, process has stayed up for > than 1 seconds (startsecs)
2018-07-22 14:13:25,577 INFO exited: laravel-worker_00 (exit status 1; not expected)
2018-07-22 14:13:26,586 INFO spawned: 'laravel-worker_00' with pid 231
2018-07-22 14:13:27,590 INFO success: laravel-worker_00 entered RUNNING state, process has stayed up for > than 1 seconds (startsecs)
2018-07-22 14:13:28,358 INFO exited: laravel-worker_00 (exit status 1; not expected)
2018-07-22 14:13:29,362 INFO spawned: 'laravel-worker_00' with pid 238
2018-07-22 14:13:30,367 INFO success: laravel-worker_00 entered RUNNING state, process has stayed up for > than 1 seconds (startsecs)
2018-07-22 14:13:31,129 INFO exited: laravel-worker_00 (exit status 1; not expected)
2018-07-22 14:13:32,133 INFO spawned: 'laravel-worker_00' with pid 245
2018-07-22 14:13:33,139 INFO success: laravel-worker_00 entered RUNNING state, process has stayed up for > than 1 seconds (startsecs)
2018-07-22 14:13:33,889 INFO exited: laravel-worker_00 (exit status 1; not expected)
2018-07-22 14:13:34,894 INFO spawned: 'laravel-worker_00' with pid 252
2018-07-22 14:13:35,899 INFO success: laravel-worker_00 entered RUNNING state, process has stayed up for > than 1 seconds (startsecs)
2018-07-22 14:13:36,487 INFO exited: laravel-worker_00 (exit status 1; not expected)
2018-07-22 14:13:36,604 INFO spawned: 'laravel-worker_00' with pid 259
2018-07-22 14:13:36,607 WARN received SIGTERM indicating exit request
2018-07-22 14:13:36,608 INFO waiting for laravel-worker_00 to die
2018-07-22 14:13:38,485 INFO stopped: laravel-worker_00 (exit status 1)
2018-07-22 14:16:41,100 CRIT Supervisor running as root (no user in config file)
2018-07-22 14:16:41,108 INFO supervisord started with pid 1
2018-07-22 14:16:42,112 INFO spawned: 'laravel-worker_00' with pid 8
2018-07-22 14:16:43,116 INFO success: laravel-worker_00 entered RUNNING state, process has stayed up for > than 1 seconds (startsecs)
2018-07-22 14:16:43,851 INFO exited: laravel-worker_00 (exit status 1; not expected)
2018-07-22 14:16:44,856 INFO spawned: 'laravel-worker_00' with pid 15
2018-07-22 14:16:45,861 INFO success: laravel-worker_00 entered RUNNING state, process has stayed up for > than 1 seconds (startsecs)
2018-07-22 14:16:46,235 INFO exited: laravel-worker_00 (exit status 1; not expected)
2018-07-22 14:16:47,241 INFO spawned: 'laravel-worker_00' with pid 22
2018-07-22 14:16:48,246 INFO success: laravel-worker_00 entered RUNNING state, process has stayed up for > than 1 seconds (startsecs)
2018-07-22 14:16:49,076 INFO exited: laravel-worker_00 (exit status 1; not expected)
2018-07-22 14:16:50,080 INFO spawned: 'laravel-worker_00' with pid 29
2018-07-22 14:16:51,083 INFO success: laravel-worker_00 entered RUNNING state, process has stayed up for > than 1 seconds (startsecs)
2018-07-22 14:16:51,509 INFO exited: laravel-worker_00 (exit status 1; not expected)
2018-07-22 14:16:52,515 INFO spawned: 'laravel-worker_00' with pid 36
2018-07-22 14:16:53,520 INFO success: laravel-worker_00 entered RUNNING state, process has stayed up for > than 1 seconds (startsecs)
2018-07-22 14:16:54,147 INFO exited: laravel-worker_00 (exit status 1; not expected)
2018-07-22 14:16:55,153 INFO spawned: 'laravel-worker_00' with pid 43
2018-07-22 14:16:56,160 INFO success: laravel-worker_00 entered RUNNING state, process has stayed up for > than 1 seconds (startsecs)
2018-07-22 14:16:57,007 INFO exited: laravel-worker_00 (exit status 1; not expected)
2018-07-22 14:16:58,011 INFO spawned: 'laravel-worker_00' with pid 50
2018-07-22 14:16:59,016 INFO success: laravel-worker_00 entered RUNNING state, process has stayed up for > than 1 seconds (startsecs)
2018-07-22 14:16:59,756 INFO exited: laravel-worker_00 (exit status 1; not expected)
2018-07-22 14:17:00,762 INFO spawned: 'laravel-worker_00' with pid 62
2018-07-22 14:17:01,765 INFO success: laravel-worker_00 entered RUNNING state, process has stayed up for > than 1 seconds (startsecs)
2018-07-22 14:17:02,556 INFO exited: laravel-worker_00 (exit status 1; not expected)
2018-07-22 14:17:03,561 INFO spawned: 'laravel-worker_00' with pid 70
2018-07-22 14:17:04,566 INFO success: laravel-worker_00 entered RUNNING state, process has stayed up for > than 1 seconds (startsecs)
2018-07-22 14:17:05,386 INFO exited: laravel-worker_00 (exit status 1; not expected)
2018-07-22 14:17:06,389 INFO spawned: 'laravel-worker_00' with pid 78
2018-07-22 14:17:07,392 INFO success: laravel-worker_00 entered RUNNING state, process has stayed up for > than 1 seconds (startsecs)
2018-07-22 14:17:08,158 INFO exited: laravel-worker_00 (exit status 1; not expected)
2018-07-22 14:17:09,163 INFO spawned: 'laravel-worker_00' with pid 88
2018-07-22 14:17:10,170 INFO success: laravel-worker_00 entered RUNNING state, process has stayed up for > than 1 seconds (startsecs)
2018-07-22 14:17:10,994 INFO exited: laravel-worker_00 (exit status 1; not expected)
2018-07-22 14:17:12,000 INFO spawned: 'laravel-worker_00' with pid 95
2018-07-22 14:17:13,006 INFO success: laravel-worker_00 entered RUNNING state, process has stayed up for > than 1 seconds (startsecs)
2018-07-22 14:17:13,682 INFO exited: laravel-worker_00 (exit status 1; not expected)
2018-07-22 14:17:14,690 INFO spawned: 'laravel-worker_00' with pid 102
2018-07-22 14:17:15,696 INFO success: laravel-worker_00 entered RUNNING state, process has stayed up for > than 1 seconds (startsecs)
2018-07-22 14:17:16,122 INFO exited: laravel-worker_00 (exit status 1; not expected)
2018-07-22 14:17:17,126 INFO spawned: 'laravel-worker_00' with pid 109
2018-07-22 14:17:18,132 INFO success: laravel-worker_00 entered RUNNING state, process has stayed up for > than 1 seconds (startsecs)
2018-07-22 14:17:18,419 INFO exited: laravel-worker_00 (exit status 1; not expected)
2018-07-22 14:17:19,424 INFO spawned: 'laravel-worker_00' with pid 117
2018-07-22 14:17:20,427 INFO success: laravel-worker_00 entered RUNNING state, process has stayed up for > than 1 seconds (startsecs)
2018-07-22 14:17:21,171 INFO exited: laravel-worker_00 (exit status 1; not expected)
2018-07-22 14:17:22,176 INFO spawned: 'laravel-worker_00' with pid 127
2018-07-22 14:17:23,180 INFO success: laravel-worker_00 entered RUNNING state, process has stayed up for > than 1 seconds (startsecs)
2018-07-22 14:17:23,853 INFO exited: laravel-worker_00 (exit status 1; not expected)
2018-07-22 14:17:24,859 INFO spawned: 'laravel-worker_00' with pid 134
2018-07-22 14:17:25,864 INFO success: laravel-worker_00 entered RUNNING state, process has stayed up for > than 1 seconds (startsecs)
2018-07-22 14:17:26,570 INFO exited: laravel-worker_00 (exit status 1; not expected)
2018-07-22 14:17:27,574 INFO spawned: 'laravel-worker_00' with pid 141
2018-07-22 14:17:28,579 INFO success: laravel-worker_00 entered RUNNING state, process has stayed up for > than 1 seconds (startsecs)
2018-07-22 14:17:29,361 INFO exited: laravel-worker_00 (exit status 1; not expected)
2018-07-22 14:17:30,366 INFO spawned: 'laravel-worker_00' with pid 148
2018-07-22 14:17:31,372 INFO success: laravel-worker_00 entered RUNNING state, process has stayed up for > than 1 seconds (startsecs)
2018-07-22 14:17:32,081 INFO exited: laravel-worker_00 (exit status 1; not expected)
2018-07-22 14:17:33,085 INFO spawned: 'laravel-worker_00' with pid 155
2018-07-22 14:17:34,089 INFO success: laravel-worker_00 entered RUNNING state, process has stayed up for > than 1 seconds (startsecs)
2018-07-22 14:17:34,783 INFO exited: laravel-worker_00 (exit status 1; not expected)
2018-07-22 14:17:35,787 INFO spawned: 'laravel-worker_00' with pid 162
2018-07-22 14:17:36,789 INFO success: laravel-worker_00 entered RUNNING state, process has stayed up for > than 1 seconds (startsecs)
2018-07-22 14:17:37,669 INFO exited: laravel-worker_00 (exit status 1; not expected)
2018-07-22 14:17:38,673 INFO spawned: 'laravel-worker_00' with pid 169
2018-07-22 14:17:39,679 INFO success: laravel-worker_00 entered RUNNING state, process has stayed up for > than 1 seconds (startsecs)
2018-07-22 14:17:40,617 INFO exited: laravel-worker_00 (exit status 1; not expected)
2018-07-22 14:17:41,623 INFO spawned: 'laravel-worker_00' with pid 176
2018-07-22 14:17:42,628 INFO success: laravel-worker_00 entered RUNNING state, process has stayed up for > than 1 seconds (startsecs)
2018-07-22 14:17:43,484 INFO exited: laravel-worker_00 (exit status 1; not expected)
2018-07-22 14:17:44,491 INFO spawned: 'laravel-worker_00' with pid 183
2018-07-22 14:17:45,497 INFO success: laravel-worker_00 entered RUNNING state, process has stayed up for > than 1 seconds (startsecs)
2018-07-22 14:17:46,381 INFO exited: laravel-worker_00 (exit status 1; not expected)
2018-07-22 14:17:47,384 INFO spawned: 'laravel-worker_00' with pid 190
2018-07-22 14:17:48,387 INFO success: laravel-worker_00 entered RUNNING state, process has stayed up for > than 1 seconds (startsecs)
2018-07-22 14:17:50,185 INFO exited: laravel-worker_00 (exit status 1; not expected)
2018-07-22 14:17:51,189 INFO spawned: 'laravel-worker_00' with pid 197
2018-07-22 14:17:52,193 INFO success: laravel-worker_00 entered RUNNING state, process has stayed up for > than 1 seconds (startsecs)
2018-07-22 14:17:53,376 INFO exited: laravel-worker_00 (exit status 1; not expected)
2018-07-22 14:17:54,383 INFO spawned: 'laravel-worker_00' with pid 204
2018-07-22 14:17:55,389 INFO success: laravel-worker_00 entered RUNNING state, process has stayed up for > than 1 seconds (startsecs)
2018-07-22 14:17:56,137 INFO exited: laravel-worker_00 (exit status 1; not expected)
2018-07-22 14:17:57,142 INFO spawned: 'laravel-worker_00' with pid 211
2018-07-22 14:17:58,147 INFO success: laravel-worker_00 entered RUNNING state, process has stayed up for > than 1 seconds (startsecs)
2018-07-22 14:17:59,232 INFO exited: laravel-worker_00 (exit status 1; not expected)
2018-07-22 14:18:00,239 INFO spawned: 'laravel-worker_00' with pid 218
2018-07-22 14:18:01,242 INFO success: laravel-worker_00 entered RUNNING state, process has stayed up for > than 1 seconds (startsecs)
2018-07-22 14:18:01,982 INFO exited: laravel-worker_00 (exit status 1; not expected)
2018-07-22 14:18:02,987 INFO spawned: 'laravel-worker_00' with pid 225
2018-07-22 14:18:03,993 INFO success: laravel-worker_00 entered RUNNING state, process has stayed up for > than 1 seconds (startsecs)
2018-07-22 14:18:04,578 INFO exited: laravel-worker_00 (exit status 1; not expected)
2018-07-22 14:18:05,583 INFO spawned: 'laravel-worker_00' with pid 232
2018-07-22 14:18:06,588 INFO success: laravel-worker_00 entered RUNNING state, process has stayed up for > than 1 seconds (startsecs)
2018-07-22 14:18:07,329 INFO exited: laravel-worker_00 (exit status 1; not expected)
2018-07-22 14:18:08,332 INFO spawned: 'laravel-worker_00' with pid 239
2018-07-22 14:18:09,335 INFO success: laravel-worker_00 entered RUNNING state, process has stayed up for > than 1 seconds (startsecs)
2018-07-22 14:18:10,414 INFO exited: laravel-worker_00 (exit status 1; not expected)
2018-07-22 14:18:11,418 INFO spawned: 'laravel-worker_00' with pid 246
2018-07-22 14:18:12,421 INFO success: laravel-worker_00 entered RUNNING state, process has stayed up for > than 1 seconds (startsecs)
2018-07-22 14:18:13,225 INFO exited: laravel-worker_00 (exit status 1; not expected)
2018-07-22 14:18:14,230 INFO spawned: 'laravel-worker_00' with pid 253
2018-07-22 14:18:15,235 INFO success: laravel-worker_00 entered RUNNING state, process has stayed up for > than 1 seconds (startsecs)
2018-07-22 14:18:16,015 INFO exited: laravel-worker_00 (exit status 1; not expected)
2018-07-22 14:18:17,022 INFO spawned: 'laravel-worker_00' with pid 260
2018-07-22 14:18:18,026 INFO success: laravel-worker_00 entered RUNNING state, process has stayed up for > than 1 seconds (startsecs)
2018-07-22 14:18:18,874 INFO exited: laravel-worker_00 (exit status 1; not expected)
2018-07-22 14:18:19,883 INFO spawned: 'laravel-worker_00' with pid 267
2018-07-22 14:18:20,890 INFO success: laravel-worker_00 entered RUNNING state, process has stayed up for > than 1 seconds (startsecs)
2018-07-22 14:18:21,912 INFO exited: laravel-worker_00 (exit status 1; not expected)
2018-07-22 14:18:22,922 INFO spawned: 'laravel-worker_00' with pid 274
2018-07-22 14:18:23,928 INFO success: laravel-worker_00 entered RUNNING state, process has stayed up for > than 1 seconds (startsecs)
2018-07-22 14:18:24,942 INFO exited: laravel-worker_00 (exit status 1; not expected)
2018-07-22 14:18:25,947 INFO spawned: 'laravel-worker_00' with pid 281
2018-07-22 14:18:26,952 INFO success: laravel-worker_00 entered RUNNING state, process has stayed up for > than 1 seconds (startsecs)
2018-07-22 14:18:27,810 INFO exited: laravel-worker_00 (exit status 1; not expected)
2018-07-22 14:18:28,816 INFO spawned: 'laravel-worker_00' with pid 288
2018-07-22 14:18:29,821 INFO success: laravel-worker_00 entered RUNNING state, process has stayed up for > than 1 seconds (startsecs)
2018-07-22 14:18:30,677 INFO exited: laravel-worker_00 (exit status 1; not expected)
2018-07-22 14:18:31,681 INFO spawned: 'laravel-worker_00' with pid 295
2018-07-22 14:18:32,687 INFO success: laravel-worker_00 entered RUNNING state, process has stayed up for > than 1 seconds (startsecs)
2018-07-22 14:18:33,494 INFO exited: laravel-worker_00 (exit status 1; not expected)
2018-07-22 14:18:34,500 INFO spawned: 'laravel-worker_00' with pid 302
2018-07-22 14:18:35,505 INFO success: laravel-worker_00 entered RUNNING state, process has stayed up for > than 1 seconds (startsecs)
2018-07-22 14:18:36,286 INFO exited: laravel-worker_00 (exit status 1; not expected)
2018-07-22 14:18:37,294 INFO spawned: 'laravel-worker_00' with pid 309
2018-07-22 14:18:38,299 INFO success: laravel-worker_00 entered RUNNING state, process has stayed up for > than 1 seconds (startsecs)
2018-07-22 14:18:38,990 INFO exited: laravel-worker_00 (exit status 1; not expected)
2018-07-22 14:18:39,995 INFO spawned: 'laravel-worker_00' with pid 316
2018-07-22 14:18:40,998 INFO success: laravel-worker_00 entered RUNNING state, process has stayed up for > than 1 seconds (startsecs)
2018-07-22 14:18:41,867 INFO exited: laravel-worker_00 (exit status 1; not expected)
2018-07-22 14:18:42,870 INFO spawned: 'laravel-worker_00' with pid 323
2018-07-22 14:18:43,877 INFO success: laravel-worker_00 entered RUNNING state, process has stayed up for > than 1 seconds (startsecs)
2018-07-22 14:18:44,654 INFO exited: laravel-worker_00 (exit status 1; not expected)
2018-07-22 14:18:45,658 INFO spawned: 'laravel-worker_00' with pid 330
2018-07-22 14:18:46,663 INFO success: laravel-worker_00 entered RUNNING state, process has stayed up for > than 1 seconds (startsecs)
2018-07-22 14:18:47,570 INFO exited: laravel-worker_00 (exit status 1; not expected)
2018-07-22 14:18:48,575 INFO spawned: 'laravel-worker_00' with pid 337
2018-07-22 14:18:49,581 INFO success: laravel-worker_00 entered RUNNING state, process has stayed up for > than 1 seconds (startsecs)
2018-07-22 14:18:50,465 INFO exited: laravel-worker_00 (exit status 1; not expected)
2018-07-22 14:18:51,472 INFO spawned: 'laravel-worker_00' with pid 344
2018-07-22 14:18:52,478 INFO success: laravel-worker_00 entered RUNNING state, process has stayed up for > than 1 seconds (startsecs)
2018-07-22 14:18:53,223 INFO exited: laravel-worker_00 (exit status 1; not expected)
2018-07-22 14:18:54,229 INFO spawned: 'laravel-worker_00' with pid 351
2018-07-22 14:18:55,234 INFO success: laravel-worker_00 entered RUNNING state, process has stayed up for > than 1 seconds (startsecs)
2018-07-22 14:18:56,078 INFO exited: laravel-worker_00 (exit status 1; not expected)
2018-07-22 14:18:57,087 INFO spawned: 'laravel-worker_00' with pid 358
2018-07-22 14:18:58,093 INFO success: laravel-worker_00 entered RUNNING state, process has stayed up for > than 1 seconds (startsecs)
2018-07-22 14:18:59,144 INFO exited: laravel-worker_00 (exit status 1; not expected)
2018-07-22 14:19:00,149 INFO spawned: 'laravel-worker_00' with pid 365
2018-07-22 14:19:01,155 INFO success: laravel-worker_00 entered RUNNING state, process has stayed up for > than 1 seconds (startsecs)
2018-07-22 14:19:02,404 INFO exited: laravel-worker_00 (exit status 1; not expected)
2018-07-22 14:19:03,410 INFO spawned: 'laravel-worker_00' with pid 372
2018-07-22 14:19:04,415 INFO success: laravel-worker_00 entered RUNNING state, process has stayed up for > than 1 seconds (startsecs)
2018-07-22 14:19:05,330 INFO exited: laravel-worker_00 (exit status 1; not expected)
2018-07-22 14:19:06,334 INFO spawned: 'laravel-worker_00' with pid 379
2018-07-22 14:19:07,339 INFO success: laravel-worker_00 entered RUNNING state, process has stayed up for > than 1 seconds (startsecs)
2018-07-22 14:19:08,012 INFO exited: laravel-worker_00 (exit status 1; not expected)
2018-07-22 14:19:09,017 INFO spawned: 'laravel-worker_00' with pid 386
2018-07-22 14:19:10,022 INFO success: laravel-worker_00 entered RUNNING state, process has stayed up for > than 1 seconds (startsecs)
2018-07-22 14:19:10,646 INFO exited: laravel-worker_00 (exit status 1; not expected)
2018-07-22 14:19:11,652 INFO spawned: 'laravel-worker_00' with pid 393
2018-07-22 14:19:12,657 INFO success: laravel-worker_00 entered RUNNING state, process has stayed up for > than 1 seconds (startsecs)
2018-07-22 14:19:13,411 INFO exited: laravel-worker_00 (exit status 1; not expected)
2018-07-22 14:19:14,418 INFO spawned: 'laravel-worker_00' with pid 400
2018-07-22 14:19:15,424 INFO success: laravel-worker_00 entered RUNNING state, process has stayed up for > than 1 seconds (startsecs)
2018-07-22 14:19:16,194 INFO exited: laravel-worker_00 (exit status 1; not expected)
2018-07-22 14:19:17,199 INFO spawned: 'laravel-worker_00' with pid 407
2018-07-22 14:19:18,202 INFO success: laravel-worker_00 entered RUNNING state, process has stayed up for > than 1 seconds (startsecs)
2018-07-22 14:19:18,868 INFO exited: laravel-worker_00 (exit status 1; not expected)
2018-07-22 14:19:19,877 INFO spawned: 'laravel-worker_00' with pid 414
2018-07-22 14:19:20,885 INFO success: laravel-worker_00 entered RUNNING state, process has stayed up for > than 1 seconds (startsecs)
2018-07-22 14:19:21,658 INFO exited: laravel-worker_00 (exit status 1; not expected)
2018-07-22 14:19:22,663 INFO spawned: 'laravel-worker_00' with pid 421
2018-07-22 14:19:23,668 INFO success: laravel-worker_00 entered RUNNING state, process has stayed up for > than 1 seconds (startsecs)
2018-07-22 14:19:24,335 INFO exited: laravel-worker_00 (exit status 1; not expected)
2018-07-22 14:19:25,341 INFO spawned: 'laravel-worker_00' with pid 428
2018-07-22 14:19:26,346 INFO success: laravel-worker_00 entered RUNNING state, process has stayed up for > than 1 seconds (startsecs)
2018-07-22 14:19:27,121 INFO exited: laravel-worker_00 (exit status 1; not expected)
2018-07-22 14:19:28,123 INFO spawned: 'laravel-worker_00' with pid 435
2018-07-22 14:19:29,128 INFO success: laravel-worker_00 entered RUNNING state, process has stayed up for > than 1 seconds (startsecs)
2018-07-22 14:19:29,829 INFO exited: laravel-worker_00 (exit status 1; not expected)
2018-07-22 14:19:30,834 INFO spawned: 'laravel-worker_00' with pid 442
2018-07-22 14:19:31,839 INFO success: laravel-worker_00 entered RUNNING state, process has stayed up for > than 1 seconds (startsecs)
2018-07-22 14:19:32,603 INFO exited: laravel-worker_00 (exit status 1; not expected)
2018-07-22 14:19:33,608 INFO spawned: 'laravel-worker_00' with pid 449
2018-07-22 14:19:34,615 INFO success: laravel-worker_00 entered RUNNING state, process has stayed up for > than 1 seconds (startsecs)
2018-07-22 14:19:35,409 INFO exited: laravel-worker_00 (exit status 1; not expected)
2018-07-22 14:19:36,415 INFO spawned: 'laravel-worker_00' with pid 456
2018-07-22 14:19:37,419 INFO success: laravel-worker_00 entered RUNNING state, process has stayed up for > than 1 seconds (startsecs)
2018-07-22 14:19:38,321 INFO exited: laravel-worker_00 (exit status 1; not expected)
2018-07-22 14:19:39,327 INFO spawned: 'laravel-worker_00' with pid 463
2018-07-22 14:19:40,331 INFO success: laravel-worker_00 entered RUNNING state, process has stayed up for > than 1 seconds (startsecs)
2018-07-22 14:19:40,954 INFO exited: laravel-worker_00 (exit status 1; not expected)
2018-07-22 14:19:41,959 INFO spawned: 'laravel-worker_00' with pid 470
2018-07-22 14:19:42,964 INFO success: laravel-worker_00 entered RUNNING state, process has stayed up for > than 1 seconds (startsecs)
2018-07-22 14:19:43,612 INFO exited: laravel-worker_00 (exit status 1; not expected)
2018-07-22 14:19:44,616 INFO spawned: 'laravel-worker_00' with pid 477
2018-07-22 14:19:45,622 INFO success: laravel-worker_00 entered RUNNING state, process has stayed up for > than 1 seconds (startsecs)
2018-07-22 14:19:46,291 INFO exited: laravel-worker_00 (exit status 1; not expected)
2018-07-22 14:19:47,295 INFO spawned: 'laravel-worker_00' with pid 484
2018-07-22 14:19:48,299 INFO success: laravel-worker_00 entered RUNNING state, process has stayed up for > than 1 seconds (startsecs)
2018-07-22 14:19:49,100 INFO exited: laravel-worker_00 (exit status 1; not expected)
2018-07-22 14:19:50,104 INFO spawned: 'laravel-worker_00' with pid 491
2018-07-22 14:19:51,108 INFO success: laravel-worker_00 entered RUNNING state, process has stayed up for > than 1 seconds (startsecs)
2018-07-22 14:19:51,948 INFO exited: laravel-worker_00 (exit status 1; not expected)
2018-07-22 14:19:52,953 INFO spawned: 'laravel-worker_00' with pid 498
2018-07-22 14:19:53,959 INFO success: laravel-worker_00 entered RUNNING state, process has stayed up for > than 1 seconds (startsecs)
2018-07-22 14:19:54,742 INFO exited: laravel-worker_00 (exit status 1; not expected)
2018-07-22 14:19:55,746 INFO spawned: 'laravel-worker_00' with pid 505
2018-07-22 14:19:56,749 INFO success: laravel-worker_00 entered RUNNING state, process has stayed up for > than 1 seconds (startsecs)
2018-07-22 14:19:57,197 INFO exited: laravel-worker_00 (exit status 1; not expected)
2018-07-22 14:19:58,202 INFO spawned: 'laravel-worker_00' with pid 512
2018-07-22 14:19:59,207 INFO success: laravel-worker_00 entered RUNNING state, process has stayed up for > than 1 seconds (startsecs)
2018-07-22 14:19:59,975 INFO exited: laravel-worker_00 (exit status 1; not expected)
2018-07-22 14:20:00,982 INFO spawned: 'laravel-worker_00' with pid 519
2018-07-22 14:20:01,987 INFO success: laravel-worker_00 entered RUNNING state, process has stayed up for > than 1 seconds (startsecs)
2018-07-22 14:20:02,866 INFO exited: laravel-worker_00 (exit status 1; not expected)
2018-07-22 14:20:03,872 INFO spawned: 'laravel-worker_00' with pid 526
2018-07-22 14:20:04,879 INFO success: laravel-worker_00 entered RUNNING state, process has stayed up for > than 1 seconds (startsecs)
2018-07-22 14:20:05,682 INFO exited: laravel-worker_00 (exit status 1; not expected)
2018-07-22 14:20:06,686 INFO spawned: 'laravel-worker_00' with pid 533
2018-07-22 14:20:07,691 INFO success: laravel-worker_00 entered RUNNING state, process has stayed up for > than 1 seconds (startsecs)
2018-07-22 14:20:08,468 INFO exited: laravel-worker_00 (exit status 1; not expected)
2018-07-22 14:20:09,472 INFO spawned: 'laravel-worker_00' with pid 540
2018-07-22 14:20:10,477 INFO success: laravel-worker_00 entered RUNNING state, process has stayed up for > than 1 seconds (startsecs)
2018-07-22 14:20:11,255 INFO exited: laravel-worker_00 (exit status 1; not expected)
2018-07-22 14:20:12,261 INFO spawned: 'laravel-worker_00' with pid 547
2018-07-22 14:20:13,266 INFO success: laravel-worker_00 entered RUNNING state, process has stayed up for > than 1 seconds (startsecs)
2018-07-22 14:20:13,949 INFO exited: laravel-worker_00 (exit status 1; not expected)
2018-07-22 14:20:14,955 INFO spawned: 'laravel-worker_00' with pid 554
2018-07-22 14:20:15,960 INFO success: laravel-worker_00 entered RUNNING state, process has stayed up for > than 1 seconds (startsecs)
2018-07-22 14:20:16,743 INFO exited: laravel-worker_00 (exit status 1; not expected)
2018-07-22 14:20:17,748 INFO spawned: 'laravel-worker_00' with pid 561
2018-07-22 14:20:18,751 INFO success: laravel-worker_00 entered RUNNING state, process has stayed up for > than 1 seconds (startsecs)
2018-07-22 14:20:19,557 INFO exited: laravel-worker_00 (exit status 1; not expected)
2018-07-22 14:20:20,564 INFO spawned: 'laravel-worker_00' with pid 568
2018-07-22 14:20:21,568 INFO success: laravel-worker_00 entered RUNNING state, process has stayed up for > than 1 seconds (startsecs)
2018-07-22 14:20:22,253 INFO exited: laravel-worker_00 (exit status 1; not expected)
2018-07-22 14:20:23,258 INFO spawned: 'laravel-worker_00' with pid 575
2018-07-22 14:20:24,259 INFO success: laravel-worker_00 entered RUNNING state, process has stayed up for > than 1 seconds (startsecs)
2018-07-22 14:20:25,133 INFO exited: laravel-worker_00 (exit status 1; not expected)
2018-07-22 14:20:26,140 INFO spawned: 'laravel-worker_00' with pid 582
2018-07-22 14:20:27,143 INFO success: laravel-worker_00 entered RUNNING state, process has stayed up for > than 1 seconds (startsecs)
2018-07-22 14:20:27,765 INFO exited: laravel-worker_00 (exit status 1; not expected)
2018-07-22 14:20:28,770 INFO spawned: 'laravel-worker_00' with pid 589
2018-07-22 14:20:29,773 INFO success: laravel-worker_00 entered RUNNING state, process has stayed up for > than 1 seconds (startsecs)
2018-07-22 14:20:30,364 INFO exited: laravel-worker_00 (exit status 1; not expected)
2018-07-22 14:20:31,372 INFO spawned: 'laravel-worker_00' with pid 596
2018-07-22 14:20:32,377 INFO success: laravel-worker_00 entered RUNNING state, process has stayed up for > than 1 seconds (startsecs)
2018-07-22 14:20:33,266 INFO exited: laravel-worker_00 (exit status 1; not expected)
2018-07-22 14:20:34,272 INFO spawned: 'laravel-worker_00' with pid 603
2018-07-22 14:20:35,274 INFO success: laravel-worker_00 entered RUNNING state, process has stayed up for > than 1 seconds (startsecs)
2018-07-22 14:20:36,304 INFO exited: laravel-worker_00 (exit status 1; not expected)
2018-07-22 14:20:37,309 INFO spawned: 'laravel-worker_00' with pid 610
2018-07-22 14:21:06,588 CRIT Supervisor running as root (no user in config file)
2018-07-22 14:21:06,596 INFO supervisord started with pid 1
2018-07-22 14:21:07,601 INFO spawned: 'laravel-worker_00' with pid 7
2018-07-22 14:21:08,607 INFO success: laravel-worker_00 entered RUNNING state, process has stayed up for > than 1 seconds (startsecs)
2018-07-22 14:21:21,213 WARN received SIGTERM indicating exit request
2018-07-22 14:21:21,214 INFO waiting for laravel-worker_00 to die
2018-07-22 14:21:23,250 INFO stopped: laravel-worker_00 (exit status 0)
